action: py36, msg: getenv
cwd: /home/rodrigo/Documentos/estudo/unit-test-python/project
cmd: /home/rodrigo/Documentos/estudo/unit-test-python/project/.tox/py36/bin/python -m pip install pytest flask
Collecting pytest
  Using cached pytest-5.3.5-py3-none-any.whl (235 kB)
Collecting flask
  Using cached Flask-1.1.1-py2.py3-none-any.whl (94 kB)
Collecting attrs>=17.4.0
  Using cached attrs-19.3.0-py2.py3-none-any.whl (39 kB)
Collecting packaging
  Using cached packaging-20.1-py2.py3-none-any.whl (36 kB)
Collecting more-itertools>=4.0.0
  Using cached more_itertools-8.2.0-py3-none-any.whl (43 kB)
Collecting py>=1.5.0
  Using cached py-1.8.1-py2.py3-none-any.whl (83 kB)
Collecting importlib-metadata>=0.12; python_version < "3.8"
  Using cached importlib_metadata-1.5.0-py2.py3-none-any.whl (30 kB)
Collecting pluggy<1.0,>=0.12
  Using cached pluggy-0.13.1-py2.py3-none-any.whl (18 kB)
Collecting wcwidth
  Using cached wcwidth-0.1.8-py2.py3-none-any.whl (17 kB)
Collecting Werkzeug>=0.15
  Using cached Werkzeug-1.0.0-py2.py3-none-any.whl (298 kB)
Collecting itsdangerous>=0.24
  Using cached itsdangerous-1.1.0-py2.py3-none-any.whl (16 kB)
Collecting click>=5.1
  Using cached Click-7.0-py2.py3-none-any.whl (81 kB)
Collecting Jinja2>=2.10.1
  Using cached Jinja2-2.11.1-py2.py3-none-any.whl (126 kB)
Collecting six
  Using cached six-1.14.0-py2.py3-none-any.whl (10 kB)
Collecting pyparsing>=2.0.2
  Using cached pyparsing-2.4.6-py2.py3-none-any.whl (67 kB)
Collecting zipp>=0.5
  Using cached zipp-3.0.0-py3-none-any.whl (4.8 kB)
Collecting MarkupSafe>=0.23
  Using cached MarkupSafe-1.1.1-cp36-cp36m-manylinux1_x86_64.whl (27 kB)
Installing collected packages: attrs, six, pyparsing, packaging, more-itertools, py, zipp, importlib-metadata, pluggy, wcwidth, pytest, Werkzeug, itsdangerous, click, MarkupSafe, Jinja2, flask
Successfully installed Jinja2-2.11.1 MarkupSafe-1.1.1 Werkzeug-1.0.0 attrs-19.3.0 click-7.0 flask-1.1.1 importlib-metadata-1.5.0 itsdangerous-1.1.0 more-itertools-8.2.0 packaging-20.1 pluggy-0.13.1 py-1.8.1 pyparsing-2.4.6 pytest-5.3.5 six-1.14.0 wcwidth-0.1.8 zipp-3.0.0
